# JRE version: 7.0_25-b17
# Java VM: Java HotSpot(TM) Client VM (23.25-b01 mixed mode, sharing windows-x86 )
Heap
 def new generation   total 4928K, used 3785K [0x241a0000, 0x246f0000, 0x296f0000)
  eden space 4416K,  77% used [0x241a0000, 0x244f9560, 0x245f0000)
  from space 512K,  69% used [0x245f0000, 0x24649170, 0x24670000)
  to   space 512K,   0% used [0x24670000, 0x24670000, 0x246f0000)
 tenured generation   total 10944K, used 7559K [0x296f0000, 0x2a1a0000, 0x341a0000)
   the space 10944K,  69% used [0x296f0000, 0x29e51f38, 0x29e52000, 0x2a1a0000)
 compacting perm gen  total 12288K, used 6612K [0x341a0000, 0x34da0000, 0x381a0000)
   the space 12288K,  53% used [0x341a0000, 0x348153b0, 0x34815400, 0x34da0000)
    ro space 10240K,  45% used [0x381a0000, 0x38629b28, 0x38629c00, 0x38ba0000)
    rw space 12288K,  54% used [0x38ba0000, 0x3922d0e8, 0x3922d200, 0x397a0000)
GC Heap History (10 events):
Event: 1.519 GC heap before
{Heap before GC invocations=17 (full 0):
 def new generation   total 4928K, used 4927K [0x241a0000, 0x246f0000, 0x296f0000)
  eden space 4416K, 100% used [0x241a0000, 0x245f0000, 0x245f0000)
  from space 512K,  99% used [0x24670000, 0x246effd8, 0x246f0000)
  to   space 512K,   0% used [0x245f0000, 0x245f0000, 0x24670000)
 tenured generation   total 10944K, used 5577K [0x296f0000, 0x2a1a0000, 0x341a0000)
   the space 10944K,  50% used [0x296f0000, 0x29c626c0, 0x29c62800, 0x2a1a0000)
 compacting perm gen  total 12288K, used 6223K [0x341a0000, 0x34da0000, 0x381a0000)
   the space 12288K,  50% used [0x341a0000, 0x347b3fa0, 0x347b4000, 0x34da0000)
    ro space 10240K,  45% used [0x381a0000, 0x38629b28, 0x38629c00, 0x38ba0000)
    rw space 12288K,  54% used [0x38ba0000, 0x3922d0e8, 0x3922d200, 0x397a0000)
Event: 1.523 GC heap after
Heap after GC invocations=18 (full 0):
 def new generation   total 4928K, used 511K [0x241a0000, 0x246f0000, 0x296f0000)
  eden space 4416K,   0% used [0x241a0000, 0x241a0000, 0x245f0000)
  from space 512K,  99% used [0x245f0000, 0x2466fff8, 0x24670000)
  to   space 512K,   0% used [0x24670000, 0x24670000, 0x246f0000)
 tenured generation   total 10944K, used 6107K [0x296f0000, 0x2a1a0000, 0x341a0000)
   the space 10944K,  55% used [0x296f0000, 0x29ce6e88, 0x29ce7000, 0x2a1a0000)
 compacting perm gen  total 12288K, used 6223K [0x341a0000, 0x34da0000, 0x381a0000)
   the space 12288K,  50% used [0x341a0000, 0x347b3fa0, 0x347b4000, 0x34da0000)
    ro space 10240K,  45% used [0x381a0000, 0x38629b28, 0x38629c00, 0x38ba0000)
    rw space 12288K,  54% used [0x38ba0000, 0x3922d0e8, 0x3922d200, 0x397a0000)
}
Event: 1.664 GC heap before
{Heap before GC invocations=18 (full 0):
 def new generation   total 4928K, used 4927K [0x241a0000, 0x246f0000, 0x296f0000)
  eden space 4416K, 100% used [0x241a0000, 0x245f0000, 0x245f0000)
  from space 512K,  99% used [0x245f0000, 0x2466fff8, 0x24670000)
  to   space 512K,   0% used [0x24670000, 0x24670000, 0x246f0000)
 tenured generation   total 10944K, used 6107K [0x296f0000, 0x2a1a0000, 0x341a0000)
   the space 10944K,  55% used [0x296f0000, 0x29ce6e88, 0x29ce7000, 0x2a1a0000)
 compacting perm gen  total 12288K, used 6507K [0x341a0000, 0x34da0000, 0x381a0000)
   the space 12288K,  52% used [0x341a0000, 0x347fae00, 0x347fae00, 0x34da0000)
    ro space 10240K,  45% used [0x381a0000, 0x38629b28, 0x38629c00, 0x38ba0000)
    rw space 12288K,  54% used [0x38ba0000, 0x3922d0e8, 0x3922d200, 0x397a0000)
Event: 1.669 GC heap after
Heap after GC invocations=19 (full 0):
 def new generation   total 4928K, used 512K [0x241a0000, 0x246f0000, 0x296f0000)
  eden space 4416K,   0% used [0x241a0000, 0x241a0000, 0x245f0000)
  from space 512K, 100% used [0x24670000, 0x246f0000, 0x246f0000)
  to   space 512K,   0% used [0x245f0000, 0x245f0000, 0x24670000)
 tenured generation   total 10944K, used 6468K [0x296f0000, 0x2a1a0000, 0x341a0000)
   the space 10944K,  59% used [0x296f0000, 0x29d41148, 0x29d41200, 0x2a1a0000)
 compacting perm gen  total 12288K, used 6507K [0x341a0000, 0x34da0000, 0x381a0000)
   the space 12288K,  52% used [0x341a0000, 0x347fae00, 0x347fae00, 0x34da0000)
    ro space 10240K,  45% used [0x381a0000, 0x38629b28, 0x38629c00, 0x38ba0000)
    rw space 12288K,  54% used [0x38ba0000, 0x3922d0e8, 0x3922d200, 0x397a0000)
}
Event: 1.774 GC heap before
{Heap before GC invocations=19 (full 0):
 def new generation   total 4928K, used 4928K [0x241a0000, 0x246f0000, 0x296f0000)
  eden space 4416K, 100% used [0x241a0000, 0x245f0000, 0x245f0000)
  from space 512K, 100% used [0x24670000, 0x246f0000, 0x246f0000)
  to   space 512K,   0% used [0x245f0000, 0x245f0000, 0x24670000)
 tenured generation   total 10944K, used 6468K [0x296f0000, 0x2a1a0000, 0x341a0000)
   the space 10944K,  59% used [0x296f0000, 0x29d41148, 0x29d41200, 0x2a1a0000)
 compacting perm gen  total 12288K, used 6510K [0x341a0000, 0x34da0000, 0x381a0000)
   the space 12288K,  52% used [0x341a0000, 0x347fb950, 0x347fba00, 0x34da0000)
    ro space 10240K,  45% used [0x381a0000, 0x38629b28, 0x38629c00, 0x38ba0000)
    rw space 12288K,  54% used [0x38ba0000, 0x3922d0e8, 0x3922d200, 0x397a0000)
Event: 1.779 GC heap after
Heap after GC invocations=20 (full 0):
 def new generation   total 4928K, used 512K [0x241a0000, 0x246f0000, 0x296f0000)
  eden space 4416K,   0% used [0x241a0000, 0x241a0000, 0x245f0000)
  from space 512K, 100% used [0x245f0000, 0x24670000, 0x24670000)
  to   space 512K,   0% used [0x24670000, 0x24670000, 0x246f0000)
 tenured generation   total 10944K, used 6949K [0x296f0000, 0x2a1a0000, 0x341a0000)
   the space 10944K,  63% used [0x296f0000, 0x29db9798, 0x29db9800, 0x2a1a0000)
 compacting perm gen  total 12288K, used 6510K [0x341a0000, 0x34da0000, 0x381a0000)
   the space 12288K,  52% used [0x341a0000, 0x347fb950, 0x347fba00, 0x34da0000)
    ro space 10240K,  45% used [0x381a0000, 0x38629b28, 0x38629c00, 0x38ba0000)
    rw space 12288K,  54% used [0x38ba0000, 0x3922d0e8, 0x3922d200, 0x397a0000)
}
Event: 1.876 GC heap before
{Heap before GC invocations=20 (full 0):
 def new generation   total 4928K, used 4928K [0x241a0000, 0x246f0000, 0x296f0000)
  eden space 4416K, 100% used [0x241a0000, 0x245f0000, 0x245f0000)
  from space 512K, 100% used [0x245f0000, 0x24670000, 0x24670000)
  to   space 512K,   0% used [0x24670000, 0x24670000, 0x246f0000)
 tenured generation   total 10944K, used 6949K [0x296f0000, 0x2a1a0000, 0x341a0000)
   the space 10944K,  63% used [0x296f0000, 0x29db9798, 0x29db9800, 0x2a1a0000)
 compacting perm gen  total 12288K, used 6555K [0x341a0000, 0x34da0000, 0x381a0000)
   the space 12288K,  53% used [0x341a0000, 0x34806db0, 0x34806e00, 0x34da0000)
    ro space 10240K,  45% used [0x381a0000, 0x38629b28, 0x38629c00, 0x38ba0000)
    rw space 12288K,  54% used [0x38ba0000, 0x3922d0e8, 0x3922d200, 0x397a0000)
Event: 1.880 GC heap after
Heap after GC invocations=21 (full 0):
 def new generation   total 4928K, used 379K [0x241a0000, 0x246f0000, 0x296f0000)
  eden space 4416K,   0% used [0x241a0000, 0x241a0000, 0x245f0000)
  from space 512K,  74% used [0x24670000, 0x246ceed0, 0x246f0000)
  to   space 512K,   0% used [0x245f0000, 0x245f0000, 0x24670000)
 tenured generation   total 10944K, used 7349K [0x296f0000, 0x2a1a0000, 0x341a0000)
   the space 10944K,  67% used [0x296f0000, 0x29e1d720, 0x29e1d800, 0x2a1a0000)
 compacting perm gen  total 12288K, used 6555K [0x341a0000, 0x34da0000, 0x381a0000)
   the space 12288K,  53% used [0x341a0000, 0x34806db0, 0x34806e00, 0x34da0000)
    ro space 10240K,  45% used [0x381a0000, 0x38629b28, 0x38629c00, 0x38ba0000)
    rw space 12288K,  54% used [0x38ba0000, 0x3922d0e8, 0x3922d200, 0x397a0000)
}
Event: 2.021 GC heap before
{Heap before GC invocations=21 (full 0):
 def new generation   total 4928K, used 4795K [0x241a0000, 0x246f0000, 0x296f0000)
  eden space 4416K, 100% used [0x241a0000, 0x245f0000, 0x245f0000)
  from space 512K,  74% used [0x24670000, 0x246ceed0, 0x246f0000)
  to   space 512K,   0% used [0x245f0000, 0x245f0000, 0x24670000)
 tenured generation   total 10944K, used 7349K [0x296f0000, 0x2a1a0000, 0x341a0000)
   the space 10944K,  67% used [0x296f0000, 0x29e1d720, 0x29e1d800, 0x2a1a0000)
 compacting perm gen  total 12288K, used 6612K [0x341a0000, 0x34da0000, 0x381a0000)
   the space 12288K,  53% used [0x341a0000, 0x348151e0, 0x34815200, 0x34da0000)
    ro space 10240K,  45% used [0x381a0000, 0x38629b28, 0x38629c00, 0x38ba0000)
    rw space 12288K,  54% used [0x38ba0000, 0x3922d0e8, 0x3922d200, 0x397a0000)
Event: 2.024 GC heap after
Heap after GC invocations=22 (full 0):
 def new generation   total 4928K, used 356K [0x241a0000, 0x246f0000, 0x296f0000)
  eden space 4416K,   0% used [0x241a0000, 0x241a0000, 0x245f0000)
  from space 512K,  69% used [0x245f0000, 0x24649170, 0x24670000)
  to   space 512K,   0% used [0x24670000, 0x24670000, 0x246f0000)
 tenured generation   total 10944K, used 7559K [0x296f0000, 0x2a1a0000, 0x341a0000)
   the space 10944K,  69% used [0x296f0000, 0x29e51f38, 0x29e52000, 0x2a1a0000)
 compacting perm gen  total 12288K, used 6612K [0x341a0000, 0x34da0000, 0x381a0000)
   the space 12288K,  53% used [0x341a0000, 0x348151e0, 0x34815200, 0x34da0000)
    ro space 10240K,  45% used [0x381a0000, 0x38629b28, 0x38629c00, 0x38ba0000)
    rw space 12288K,  54% used [0x38ba0000, 0x3922d0e8, 0x3922d200, 0x397a0000)
}

